PhysicaloidLibrary/build/intermediates/manifest_merge_blame_file/release/processReleaseManifest/manifest-merger-blame-release-report.txt
1<?xml version="1.0" encoding="utf-8"?>
2<manifest xmlns:android="http://schemas.android.com/apk/res/android"
3    package="com.physicaloid"
4    android:versionCode="20000"
5    android:versionName="02.00.00" >
6
7    <uses-sdk android:minSdkVersion="23" />
8
9    <uses-permission android:name="android.permission.BLUETOOTH" />
9-->Learn\PhysicaloidLibrary\AndroidManifest.xml:6:5-68
9-->Learn\PhysicaloidLibrary\AndroidManifest.xml:6:22-65
10    <uses-permission android:name="android.permission.BLUETOOTH_CONNECT" />
10-->Learn\PhysicaloidLibrary\AndroidManifest.xml:7:5-76
10-->Learn\PhysicaloidLibrary\AndroidManifest.xml:7:22-73
11
12</manifest>